<?xml version="1.0" encoding="UTF-8"?>
<testsuite xmlns:xsi="http://www.w3.org/2001/XMLSchema-instance" xsi:noNamespaceSchemaLocation="https://maven.apache.org/surefire/maven-surefire-plugin/xsd/surefire-test-report.xsd" name="com.clone.workflow.swiggyclone.SwiggyCloneApplicationTests" time="7.002" tests="1" errors="0" skipped="0" failures="0">
  <properties>
    <property name="gopherProxySet" value="false"/>
    <property name="awt.toolkit" value="sun.lwawt.macosx.LWCToolkit"/>
    <property name="java.specification.version" value="11"/>
    <property name="sun.cpu.isalist" value=""/>
    <property name="sun.jnu.encoding" value="UTF-8"/>
    <property name="java.class.path" value="/Users/jeni.ambrose/Documents/Temporal_SpringBoot-master/target/test-classes:/Users/jeni.ambrose/Documents/Temporal_SpringBoot-master/target/classes:/Users/jeni.ambrose/.m2/repository/org/springframework/boot/spring-boot-starter-webflux/2.5.1/spring-boot-starter-webflux-2.5.1.jar:/Users/jeni.ambrose/.m2/repository/org/springframework/boot/spring-boot-starter/2.5.1/spring-boot-starter-2.5.1.jar:/Users/jeni.ambrose/.m2/repository/org/springframework/boot/spring-boot/2.5.1/spring-boot-2.5.1.jar:/Users/jeni.ambrose/.m2/repository/org/springframework/spring-context/5.3.8/spring-context-5.3.8.jar:/Users/jeni.ambrose/.m2/repository/org/springframework/spring-aop/5.3.8/spring-aop-5.3.8.jar:/Users/jeni.ambrose/.m2/repository/org/springframework/spring-expression/5.3.8/spring-expression-5.3.8.jar:/Users/jeni.ambrose/.m2/repository/org/springframework/boot/spring-boot-autoconfigure/2.5.1/spring-boot-autoconfigure-2.5.1.jar:/Users/jeni.ambrose/.m2/repository/org/springframework/boot/spring-boot-starter-logging/2.5.1/spring-boot-starter-logging-2.5.1.jar:/Users/jeni.ambrose/.m2/repository/ch/qos/logback/logback-classic/1.2.3/logback-classic-1.2.3.jar:/Users/jeni.ambrose/.m2/repository/ch/qos/logback/logback-core/1.2.3/logback-core-1.2.3.jar:/Users/jeni.ambrose/.m2/repository/org/apache/logging/log4j/log4j-to-slf4j/2.14.1/log4j-to-slf4j-2.14.1.jar:/Users/jeni.ambrose/.m2/repository/org/apache/logging/log4j/log4j-api/2.14.1/log4j-api-2.14.1.jar:/Users/jeni.ambrose/.m2/repository/org/slf4j/jul-to-slf4j/1.7.30/jul-to-slf4j-1.7.30.jar:/Users/jeni.ambrose/.m2/repository/jakarta/annotation/jakarta.annotation-api/1.3.5/jakarta.annotation-api-1.3.5.jar:/Users/jeni.ambrose/.m2/repository/org/yaml/snakeyaml/1.28/snakeyaml-1.28.jar:/Users/jeni.ambrose/.m2/repository/org/springframework/boot/spring-boot-starter-json/2.5.1/spring-boot-starter-json-2.5.1.jar:/Users/jeni.ambrose/.m2/repository/com/fasterxml/jackson/datatype/jackson-datatype-jdk8/2.12.3/jackson-datatype-jdk8-2.12.3.jar:/Users/jeni.ambrose/.m2/repository/com/fasterxml/jackson/module/jackson-module-parameter-names/2.12.3/jackson-module-parameter-names-2.12.3.jar:/Users/jeni.ambrose/.m2/repository/org/springframework/boot/spring-boot-starter-reactor-netty/2.5.1/spring-boot-starter-reactor-netty-2.5.1.jar:/Users/jeni.ambrose/.m2/repository/io/projectreactor/netty/reactor-netty-http/1.0.7/reactor-netty-http-1.0.7.jar:/Users/jeni.ambrose/.m2/repository/io/netty/netty-codec-http/4.1.65.Final/netty-codec-http-4.1.65.Final.jar:/Users/jeni.ambrose/.m2/repository/io/netty/netty-codec-http2/4.1.65.Final/netty-codec-http2-4.1.65.Final.jar:/Users/jeni.ambrose/.m2/repository/io/netty/netty-resolver-dns-native-macos/4.1.65.Final/netty-resolver-dns-native-macos-4.1.65.Final-osx-x86_64.jar:/Users/jeni.ambrose/.m2/repository/io/netty/netty-transport-native-epoll/4.1.65.Final/netty-transport-native-epoll-4.1.65.Final-linux-x86_64.jar:/Users/jeni.ambrose/.m2/repository/io/projectreactor/netty/reactor-netty-core/1.0.7/reactor-netty-core-1.0.7.jar:/Users/jeni.ambrose/.m2/repository/io/netty/netty-handler-proxy/4.1.65.Final/netty-handler-proxy-4.1.65.Final.jar:/Users/jeni.ambrose/.m2/repository/io/netty/netty-codec-socks/4.1.65.Final/netty-codec-socks-4.1.65.Final.jar:/Users/jeni.ambrose/.m2/repository/org/springframework/spring-web/5.3.8/spring-web-5.3.8.jar:/Users/jeni.ambrose/.m2/repository/org/springframework/spring-beans/5.3.8/spring-beans-5.3.8.jar:/Users/jeni.ambrose/.m2/repository/org/springframework/spring-webflux/5.3.8/spring-webflux-5.3.8.jar:/Users/jeni.ambrose/.m2/repository/io/projectreactor/reactor-core/3.4.6/reactor-core-3.4.6.jar:/Users/jeni.ambrose/.m2/repository/org/reactivestreams/reactive-streams/1.0.3/reactive-streams-1.0.3.jar:/Users/jeni.ambrose/.m2/repository/io/temporal/temporal-sdk/1.0.9/temporal-sdk-1.0.9.jar:/Users/jeni.ambrose/.m2/repository/io/temporal/temporal-serviceclient/1.0.9/temporal-serviceclient-1.0.9.jar:/Users/jeni.ambrose/.m2/repository/io/grpc/grpc-protobuf/1.38.0/grpc-protobuf-1.38.0.jar:/Users/jeni.ambrose/.m2/repository/io/grpc/grpc-api/1.38.0/grpc-api-1.38.0.jar:/Users/jeni.ambrose/.m2/repository/io/grpc/grpc-context/1.38.0/grpc-context-1.38.0.jar:/Users/jeni.ambrose/.m2/repository/com/google/protobuf/protobuf-java/3.12.0/protobuf-java-3.12.0.jar:/Users/jeni.ambrose/.m2/repository/com/google/api/grpc/proto-google-common-protos/2.0.1/proto-google-common-protos-2.0.1.jar:/Users/jeni.ambrose/.m2/repository/io/grpc/grpc-protobuf-lite/1.38.0/grpc-protobuf-lite-1.38.0.jar:/Users/jeni.ambrose/.m2/repository/org/codehaus/mojo/animal-sniffer-annotations/1.19/animal-sniffer-annotations-1.19.jar:/Users/jeni.ambrose/.m2/repository/io/grpc/grpc-stub/1.38.0/grpc-stub-1.38.0.jar:/Users/jeni.ambrose/.m2/repository/io/grpc/grpc-core/1.38.0/grpc-core-1.38.0.jar:/Users/jeni.ambrose/.m2/repository/com/google/android/annotations/4.1.1.4/annotations-4.1.1.4.jar:/Users/jeni.ambrose/.m2/repository/io/perfmark/perfmark-api/0.23.0/perfmark-api-0.23.0.jar:/Users/jeni.ambrose/.m2/repository/io/grpc/grpc-netty-shaded/1.38.0/grpc-netty-shaded-1.38.0.jar:/Users/jeni.ambrose/.m2/repository/io/grpc/grpc-services/1.38.0/grpc-services-1.38.0.jar:/Users/jeni.ambrose/.m2/repository/com/google/protobuf/protobuf-java-util/3.17.1/protobuf-java-util-3.17.1.jar:/Users/jeni.ambrose/.m2/repository/com/uber/m3/tally-core/0.6.1/tally-core-0.6.1.jar:/Users/jeni.ambrose/.m2/repository/org/slf4j/slf4j-api/1.7.30/slf4j-api-1.7.30.jar:/Users/jeni.ambrose/.m2/repository/com/google/code/gson/gson/2.8.7/gson-2.8.7.jar:/Users/jeni.ambrose/.m2/repository/io/micrometer/micrometer-core/1.7.0/micrometer-core-1.7.0.jar:/Users/jeni.ambrose/.m2/repository/org/hdrhistogram/HdrHistogram/2.1.12/HdrHistogram-2.1.12.jar:/Users/jeni.ambrose/.m2/repository/org/latencyutils/LatencyUtils/2.0.3/LatencyUtils-2.0.3.jar:/Users/jeni.ambrose/.m2/repository/com/google/guava/guava/30.1.1-jre/guava-30.1.1-jre.jar:/Users/jeni.ambrose/.m2/repository/com/google/guava/failureaccess/1.0.1/failureaccess-1.0.1.jar:/Users/jeni.ambrose/.m2/repository/com/google/guava/listenablefuture/9999.0-empty-to-avoid-conflict-with-guava/listenablefuture-9999.0-empty-to-avoid-conflict-with-guava.jar:/Users/jeni.ambrose/.m2/repository/com/google/code/findbugs/jsr305/3.0.2/jsr305-3.0.2.jar:/Users/jeni.ambrose/.m2/repository/org/checkerframework/checker-qual/3.8.0/checker-qual-3.8.0.jar:/Users/jeni.ambrose/.m2/repository/com/google/errorprone/error_prone_annotations/2.5.1/error_prone_annotations-2.5.1.jar:/Users/jeni.ambrose/.m2/repository/com/google/j2objc/j2objc-annotations/1.3/j2objc-annotations-1.3.jar:/Users/jeni.ambrose/.m2/repository/com/cronutils/cron-utils/9.1.5/cron-utils-9.1.5.jar:/Users/jeni.ambrose/.m2/repository/org/glassfish/javax.el/3.0.0/javax.el-3.0.0.jar:/Users/jeni.ambrose/.m2/repository/com/fasterxml/jackson/core/jackson-databind/2.12.3/jackson-databind-2.12.3.jar:/Users/jeni.ambrose/.m2/repository/com/fasterxml/jackson/core/jackson-annotations/2.12.3/jackson-annotations-2.12.3.jar:/Users/jeni.ambrose/.m2/repository/com/fasterxml/jackson/core/jackson-core/2.12.3/jackson-core-2.12.3.jar:/Users/jeni.ambrose/.m2/repository/com/fasterxml/jackson/datatype/jackson-datatype-jsr310/2.12.3/jackson-datatype-jsr310-2.12.3.jar:/Users/jeni.ambrose/.m2/repository/io/netty/netty-resolver-dns-native-macos/4.1.77.Final/netty-resolver-dns-native-macos-4.1.77.Final-osx-aarch_64.jar:/Users/jeni.ambrose/.m2/repository/io/netty/netty-resolver-dns-classes-macos/4.1.77.Final/netty-resolver-dns-classes-macos-4.1.77.Final.jar:/Users/jeni.ambrose/.m2/repository/io/netty/netty-common/4.1.65.Final/netty-common-4.1.65.Final.jar:/Users/jeni.ambrose/.m2/repository/io/netty/netty-resolver-dns/4.1.65.Final/netty-resolver-dns-4.1.65.Final.jar:/Users/jeni.ambrose/.m2/repository/io/netty/netty-buffer/4.1.65.Final/netty-buffer-4.1.65.Final.jar:/Users/jeni.ambrose/.m2/repository/io/netty/netty-resolver/4.1.65.Final/netty-resolver-4.1.65.Final.jar:/Users/jeni.ambrose/.m2/repository/io/netty/netty-transport/4.1.65.Final/netty-transport-4.1.65.Final.jar:/Users/jeni.ambrose/.m2/repository/io/netty/netty-codec/4.1.65.Final/netty-codec-4.1.65.Final.jar:/Users/jeni.ambrose/.m2/repository/io/netty/netty-codec-dns/4.1.65.Final/netty-codec-dns-4.1.65.Final.jar:/Users/jeni.ambrose/.m2/repository/io/netty/netty-handler/4.1.65.Final/netty-handler-4.1.65.Final.jar:/Users/jeni.ambrose/.m2/repository/io/netty/netty-transport-native-unix-common/4.1.65.Final/netty-transport-native-unix-common-4.1.65.Final.jar:/Users/jeni.ambrose/.m2/repository/org/springframework/boot/spring-boot-starter-test/2.5.1/spring-boot-starter-test-2.5.1.jar:/Users/jeni.ambrose/.m2/repository/org/springframework/boot/spring-boot-test/2.5.1/spring-boot-test-2.5.1.jar:/Users/jeni.ambrose/.m2/repository/org/springframework/boot/spring-boot-test-autoconfigure/2.5.1/spring-boot-test-autoconfigure-2.5.1.jar:/Users/jeni.ambrose/.m2/repository/com/jayway/jsonpath/json-path/2.5.0/json-path-2.5.0.jar:/Users/jeni.ambrose/.m2/repository/net/minidev/json-smart/2.4.7/json-smart-2.4.7.jar:/Users/jeni.ambrose/.m2/repository/net/minidev/accessors-smart/2.4.7/accessors-smart-2.4.7.jar:/Users/jeni.ambrose/.m2/repository/org/ow2/asm/asm/9.1/asm-9.1.jar:/Users/jeni.ambrose/.m2/repository/jakarta/xml/bind/jakarta.xml.bind-api/2.3.3/jakarta.xml.bind-api-2.3.3.jar:/Users/jeni.ambrose/.m2/repository/jakarta/activation/jakarta.activation-api/1.2.2/jakarta.activation-api-1.2.2.jar:/Users/jeni.ambrose/.m2/repository/org/assertj/assertj-core/3.19.0/assertj-core-3.19.0.jar:/Users/jeni.ambrose/.m2/repository/org/hamcrest/hamcrest/2.2/hamcrest-2.2.jar:/Users/jeni.ambrose/.m2/repository/org/junit/jupiter/junit-jupiter/5.7.2/junit-jupiter-5.7.2.jar:/Users/jeni.ambrose/.m2/repository/org/junit/jupiter/junit-jupiter-api/5.7.2/junit-jupiter-api-5.7.2.jar:/Users/jeni.ambrose/.m2/repository/org/apiguardian/apiguardian-api/1.1.0/apiguardian-api-1.1.0.jar:/Users/jeni.ambrose/.m2/repository/org/opentest4j/opentest4j/1.2.0/opentest4j-1.2.0.jar:/Users/jeni.ambrose/.m2/repository/org/junit/platform/junit-platform-commons/1.7.2/junit-platform-commons-1.7.2.jar:/Users/jeni.ambrose/.m2/repository/org/junit/jupiter/junit-jupiter-params/5.7.2/junit-jupiter-params-5.7.2.jar:/Users/jeni.ambrose/.m2/repository/org/junit/jupiter/junit-jupiter-engine/5.7.2/junit-jupiter-engine-5.7.2.jar:/Users/jeni.ambrose/.m2/repository/org/junit/platform/junit-platform-engine/1.7.2/junit-platform-engine-1.7.2.jar:/Users/jeni.ambrose/.m2/repository/org/mockito/mockito-core/3.9.0/mockito-core-3.9.0.jar:/Users/jeni.ambrose/.m2/repository/net/bytebuddy/byte-buddy/1.10.22/byte-buddy-1.10.22.jar:/Users/jeni.ambrose/.m2/repository/net/bytebuddy/byte-buddy-agent/1.10.22/byte-buddy-agent-1.10.22.jar:/Users/jeni.ambrose/.m2/repository/org/objenesis/objenesis/3.2/objenesis-3.2.jar:/Users/jeni.ambrose/.m2/repository/org/mockito/mockito-junit-jupiter/3.9.0/mockito-junit-jupiter-3.9.0.jar:/Users/jeni.ambrose/.m2/repository/org/skyscreamer/jsonassert/1.5.0/jsonassert-1.5.0.jar:/Users/jeni.ambrose/.m2/repository/com/vaadin/external/google/android-json/0.0.20131108.vaadin1/android-json-0.0.20131108.vaadin1.jar:/Users/jeni.ambrose/.m2/repository/org/springframework/spring-core/5.3.8/spring-core-5.3.8.jar:/Users/jeni.ambrose/.m2/repository/org/springframework/spring-jcl/5.3.8/spring-jcl-5.3.8.jar:/Users/jeni.ambrose/.m2/repository/org/springframework/spring-test/5.3.8/spring-test-5.3.8.jar:/Users/jeni.ambrose/.m2/repository/org/xmlunit/xmlunit-core/2.8.2/xmlunit-core-2.8.2.jar:/Users/jeni.ambrose/.m2/repository/org/projectlombok/lombok/1.18.22/lombok-1.18.22.jar:"/>
    <property name="java.vm.vendor" value="Oracle Corporation"/>
    <property name="sun.arch.data.model" value="64"/>
    <property name="java.vendor.url" value="https://openjdk.java.net/"/>
    <property name="user.timezone" value=""/>
    <property name="java.vm.specification.version" value="11"/>
    <property name="os.name" value="Mac OS X"/>
    <property name="sun.java.launcher" value="SUN_STANDARD"/>
    <property name="user.country" value="IN"/>
    <property name="sun.boot.library.path" value="/Library/Java/JavaVirtualMachines/jdk-11.0.16.jdk/Contents/Home/lib"/>
    <property name="sun.java.command" value="/Users/jeni.ambrose/Documents/Temporal_SpringBoot-master/target/surefire/surefirebooter9839876188388387403.jar /Users/jeni.ambrose/Documents/Temporal_SpringBoot-master/target/surefire 2022-10-26T15-18-06_092-jvmRun1 surefire15667995647570351066tmp surefire_05489930568414948084tmp"/>
    <property name="jdk.debug" value="release"/>
    <property name="surefire.test.class.path" value="/Users/jeni.ambrose/Documents/Temporal_SpringBoot-master/target/test-classes:/Users/jeni.ambrose/Documents/Temporal_SpringBoot-master/target/classes:/Users/jeni.ambrose/.m2/repository/org/springframework/boot/spring-boot-starter-webflux/2.5.1/spring-boot-starter-webflux-2.5.1.jar:/Users/jeni.ambrose/.m2/repository/org/springframework/boot/spring-boot-starter/2.5.1/spring-boot-starter-2.5.1.jar:/Users/jeni.ambrose/.m2/repository/org/springframework/boot/spring-boot/2.5.1/spring-boot-2.5.1.jar:/Users/jeni.ambrose/.m2/repository/org/springframework/spring-context/5.3.8/spring-context-5.3.8.jar:/Users/jeni.ambrose/.m2/repository/org/springframework/spring-aop/5.3.8/spring-aop-5.3.8.jar:/Users/jeni.ambrose/.m2/repository/org/springframework/spring-expression/5.3.8/spring-expression-5.3.8.jar:/Users/jeni.ambrose/.m2/repository/org/springframework/boot/spring-boot-autoconfigure/2.5.1/spring-boot-autoconfigure-2.5.1.jar:/Users/jeni.ambrose/.m2/repository/org/springframework/boot/spring-boot-starter-logging/2.5.1/spring-boot-starter-logging-2.5.1.jar:/Users/jeni.ambrose/.m2/repository/ch/qos/logback/logback-classic/1.2.3/logback-classic-1.2.3.jar:/Users/jeni.ambrose/.m2/repository/ch/qos/logback/logback-core/1.2.3/logback-core-1.2.3.jar:/Users/jeni.ambrose/.m2/repository/org/apache/logging/log4j/log4j-to-slf4j/2.14.1/log4j-to-slf4j-2.14.1.jar:/Users/jeni.ambrose/.m2/repository/org/apache/logging/log4j/log4j-api/2.14.1/log4j-api-2.14.1.jar:/Users/jeni.ambrose/.m2/repository/org/slf4j/jul-to-slf4j/1.7.30/jul-to-slf4j-1.7.30.jar:/Users/jeni.ambrose/.m2/repository/jakarta/annotation/jakarta.annotation-api/1.3.5/jakarta.annotation-api-1.3.5.jar:/Users/jeni.ambrose/.m2/repository/org/yaml/snakeyaml/1.28/snakeyaml-1.28.jar:/Users/jeni.ambrose/.m2/repository/org/springframework/boot/spring-boot-starter-json/2.5.1/spring-boot-starter-json-2.5.1.jar:/Users/jeni.ambrose/.m2/repository/com/fasterxml/jackson/datatype/jackson-datatype-jdk8/2.12.3/jackson-datatype-jdk8-2.12.3.jar:/Users/jeni.ambrose/.m2/repository/com/fasterxml/jackson/module/jackson-module-parameter-names/2.12.3/jackson-module-parameter-names-2.12.3.jar:/Users/jeni.ambrose/.m2/repository/org/springframework/boot/spring-boot-starter-reactor-netty/2.5.1/spring-boot-starter-reactor-netty-2.5.1.jar:/Users/jeni.ambrose/.m2/repository/io/projectreactor/netty/reactor-netty-http/1.0.7/reactor-netty-http-1.0.7.jar:/Users/jeni.ambrose/.m2/repository/io/netty/netty-codec-http/4.1.65.Final/netty-codec-http-4.1.65.Final.jar:/Users/jeni.ambrose/.m2/repository/io/netty/netty-codec-http2/4.1.65.Final/netty-codec-http2-4.1.65.Final.jar:/Users/jeni.ambrose/.m2/repository/io/netty/netty-resolver-dns-native-macos/4.1.65.Final/netty-resolver-dns-native-macos-4.1.65.Final-osx-x86_64.jar:/Users/jeni.ambrose/.m2/repository/io/netty/netty-transport-native-epoll/4.1.65.Final/netty-transport-native-epoll-4.1.65.Final-linux-x86_64.jar:/Users/jeni.ambrose/.m2/repository/io/projectreactor/netty/reactor-netty-core/1.0.7/reactor-netty-core-1.0.7.jar:/Users/jeni.ambrose/.m2/repository/io/netty/netty-handler-proxy/4.1.65.Final/netty-handler-proxy-4.1.65.Final.jar:/Users/jeni.ambrose/.m2/repository/io/netty/netty-codec-socks/4.1.65.Final/netty-codec-socks-4.1.65.Final.jar:/Users/jeni.ambrose/.m2/repository/org/springframework/spring-web/5.3.8/spring-web-5.3.8.jar:/Users/jeni.ambrose/.m2/repository/org/springframework/spring-beans/5.3.8/spring-beans-5.3.8.jar:/Users/jeni.ambrose/.m2/repository/org/springframework/spring-webflux/5.3.8/spring-webflux-5.3.8.jar:/Users/jeni.ambrose/.m2/repository/io/projectreactor/reactor-core/3.4.6/reactor-core-3.4.6.jar:/Users/jeni.ambrose/.m2/repository/org/reactivestreams/reactive-streams/1.0.3/reactive-streams-1.0.3.jar:/Users/jeni.ambrose/.m2/repository/io/temporal/temporal-sdk/1.0.9/temporal-sdk-1.0.9.jar:/Users/jeni.ambrose/.m2/repository/io/temporal/temporal-serviceclient/1.0.9/temporal-serviceclient-1.0.9.jar:/Users/jeni.ambrose/.m2/repository/io/grpc/grpc-protobuf/1.38.0/grpc-protobuf-1.38.0.jar:/Users/jeni.ambrose/.m2/repository/io/grpc/grpc-api/1.38.0/grpc-api-1.38.0.jar:/Users/jeni.ambrose/.m2/repository/io/grpc/grpc-context/1.38.0/grpc-context-1.38.0.jar:/Users/jeni.ambrose/.m2/repository/com/google/protobuf/protobuf-java/3.12.0/protobuf-java-3.12.0.jar:/Users/jeni.ambrose/.m2/repository/com/google/api/grpc/proto-google-common-protos/2.0.1/proto-google-common-protos-2.0.1.jar:/Users/jeni.ambrose/.m2/repository/io/grpc/grpc-protobuf-lite/1.38.0/grpc-protobuf-lite-1.38.0.jar:/Users/jeni.ambrose/.m2/repository/org/codehaus/mojo/animal-sniffer-annotations/1.19/animal-sniffer-annotations-1.19.jar:/Users/jeni.ambrose/.m2/repository/io/grpc/grpc-stub/1.38.0/grpc-stub-1.38.0.jar:/Users/jeni.ambrose/.m2/repository/io/grpc/grpc-core/1.38.0/grpc-core-1.38.0.jar:/Users/jeni.ambrose/.m2/repository/com/google/android/annotations/4.1.1.4/annotations-4.1.1.4.jar:/Users/jeni.ambrose/.m2/repository/io/perfmark/perfmark-api/0.23.0/perfmark-api-0.23.0.jar:/Users/jeni.ambrose/.m2/repository/io/grpc/grpc-netty-shaded/1.38.0/grpc-netty-shaded-1.38.0.jar:/Users/jeni.ambrose/.m2/repository/io/grpc/grpc-services/1.38.0/grpc-services-1.38.0.jar:/Users/jeni.ambrose/.m2/repository/com/google/protobuf/protobuf-java-util/3.17.1/protobuf-java-util-3.17.1.jar:/Users/jeni.ambrose/.m2/repository/com/uber/m3/tally-core/0.6.1/tally-core-0.6.1.jar:/Users/jeni.ambrose/.m2/repository/org/slf4j/slf4j-api/1.7.30/slf4j-api-1.7.30.jar:/Users/jeni.ambrose/.m2/repository/com/google/code/gson/gson/2.8.7/gson-2.8.7.jar:/Users/jeni.ambrose/.m2/repository/io/micrometer/micrometer-core/1.7.0/micrometer-core-1.7.0.jar:/Users/jeni.ambrose/.m2/repository/org/hdrhistogram/HdrHistogram/2.1.12/HdrHistogram-2.1.12.jar:/Users/jeni.ambrose/.m2/repository/org/latencyutils/LatencyUtils/2.0.3/LatencyUtils-2.0.3.jar:/Users/jeni.ambrose/.m2/repository/com/google/guava/guava/30.1.1-jre/guava-30.1.1-jre.jar:/Users/jeni.ambrose/.m2/repository/com/google/guava/failureaccess/1.0.1/failureaccess-1.0.1.jar:/Users/jeni.ambrose/.m2/repository/com/google/guava/listenablefuture/9999.0-empty-to-avoid-conflict-with-guava/listenablefuture-9999.0-empty-to-avoid-conflict-with-guava.jar:/Users/jeni.ambrose/.m2/repository/com/google/code/findbugs/jsr305/3.0.2/jsr305-3.0.2.jar:/Users/jeni.ambrose/.m2/repository/org/checkerframework/checker-qual/3.8.0/checker-qual-3.8.0.jar:/Users/jeni.ambrose/.m2/repository/com/google/errorprone/error_prone_annotations/2.5.1/error_prone_annotations-2.5.1.jar:/Users/jeni.ambrose/.m2/repository/com/google/j2objc/j2objc-annotations/1.3/j2objc-annotations-1.3.jar:/Users/jeni.ambrose/.m2/repository/com/cronutils/cron-utils/9.1.5/cron-utils-9.1.5.jar:/Users/jeni.ambrose/.m2/repository/org/glassfish/javax.el/3.0.0/javax.el-3.0.0.jar:/Users/jeni.ambrose/.m2/repository/com/fasterxml/jackson/core/jackson-databind/2.12.3/jackson-databind-2.12.3.jar:/Users/jeni.ambrose/.m2/repository/com/fasterxml/jackson/core/jackson-annotations/2.12.3/jackson-annotations-2.12.3.jar:/Users/jeni.ambrose/.m2/repository/com/fasterxml/jackson/core/jackson-core/2.12.3/jackson-core-2.12.3.jar:/Users/jeni.ambrose/.m2/repository/com/fasterxml/jackson/datatype/jackson-datatype-jsr310/2.12.3/jackson-datatype-jsr310-2.12.3.jar:/Users/jeni.ambrose/.m2/repository/io/netty/netty-resolver-dns-native-macos/4.1.77.Final/netty-resolver-dns-native-macos-4.1.77.Final-osx-aarch_64.jar:/Users/jeni.ambrose/.m2/repository/io/netty/netty-resolver-dns-classes-macos/4.1.77.Final/netty-resolver-dns-classes-macos-4.1.77.Final.jar:/Users/jeni.ambrose/.m2/repository/io/netty/netty-common/4.1.65.Final/netty-common-4.1.65.Final.jar:/Users/jeni.ambrose/.m2/repository/io/netty/netty-resolver-dns/4.1.65.Final/netty-resolver-dns-4.1.65.Final.jar:/Users/jeni.ambrose/.m2/repository/io/netty/netty-buffer/4.1.65.Final/netty-buffer-4.1.65.Final.jar:/Users/jeni.ambrose/.m2/repository/io/netty/netty-resolver/4.1.65.Final/netty-resolver-4.1.65.Final.jar:/Users/jeni.ambrose/.m2/repository/io/netty/netty-transport/4.1.65.Final/netty-transport-4.1.65.Final.jar:/Users/jeni.ambrose/.m2/repository/io/netty/netty-codec/4.1.65.Final/netty-codec-4.1.65.Final.jar:/Users/jeni.ambrose/.m2/repository/io/netty/netty-codec-dns/4.1.65.Final/netty-codec-dns-4.1.65.Final.jar:/Users/jeni.ambrose/.m2/repository/io/netty/netty-handler/4.1.65.Final/netty-handler-4.1.65.Final.jar:/Users/jeni.ambrose/.m2/repository/io/netty/netty-transport-native-unix-common/4.1.65.Final/netty-transport-native-unix-common-4.1.65.Final.jar:/Users/jeni.ambrose/.m2/repository/org/springframework/boot/spring-boot-starter-test/2.5.1/spring-boot-starter-test-2.5.1.jar:/Users/jeni.ambrose/.m2/repository/org/springframework/boot/spring-boot-test/2.5.1/spring-boot-test-2.5.1.jar:/Users/jeni.ambrose/.m2/repository/org/springframework/boot/spring-boot-test-autoconfigure/2.5.1/spring-boot-test-autoconfigure-2.5.1.jar:/Users/jeni.ambrose/.m2/repository/com/jayway/jsonpath/json-path/2.5.0/json-path-2.5.0.jar:/Users/jeni.ambrose/.m2/repository/net/minidev/json-smart/2.4.7/json-smart-2.4.7.jar:/Users/jeni.ambrose/.m2/repository/net/minidev/accessors-smart/2.4.7/accessors-smart-2.4.7.jar:/Users/jeni.ambrose/.m2/repository/org/ow2/asm/asm/9.1/asm-9.1.jar:/Users/jeni.ambrose/.m2/repository/jakarta/xml/bind/jakarta.xml.bind-api/2.3.3/jakarta.xml.bind-api-2.3.3.jar:/Users/jeni.ambrose/.m2/repository/jakarta/activation/jakarta.activation-api/1.2.2/jakarta.activation-api-1.2.2.jar:/Users/jeni.ambrose/.m2/repository/org/assertj/assertj-core/3.19.0/assertj-core-3.19.0.jar:/Users/jeni.ambrose/.m2/repository/org/hamcrest/hamcrest/2.2/hamcrest-2.2.jar:/Users/jeni.ambrose/.m2/repository/org/junit/jupiter/junit-jupiter/5.7.2/junit-jupiter-5.7.2.jar:/Users/jeni.ambrose/.m2/repository/org/junit/jupiter/junit-jupiter-api/5.7.2/junit-jupiter-api-5.7.2.jar:/Users/jeni.ambrose/.m2/repository/org/apiguardian/apiguardian-api/1.1.0/apiguardian-api-1.1.0.jar:/Users/jeni.ambrose/.m2/repository/org/opentest4j/opentest4j/1.2.0/opentest4j-1.2.0.jar:/Users/jeni.ambrose/.m2/repository/org/junit/platform/junit-platform-commons/1.7.2/junit-platform-commons-1.7.2.jar:/Users/jeni.ambrose/.m2/repository/org/junit/jupiter/junit-jupiter-params/5.7.2/junit-jupiter-params-5.7.2.jar:/Users/jeni.ambrose/.m2/repository/org/junit/jupiter/junit-jupiter-engine/5.7.2/junit-jupiter-engine-5.7.2.jar:/Users/jeni.ambrose/.m2/repository/org/junit/platform/junit-platform-engine/1.7.2/junit-platform-engine-1.7.2.jar:/Users/jeni.ambrose/.m2/repository/org/mockito/mockito-core/3.9.0/mockito-core-3.9.0.jar:/Users/jeni.ambrose/.m2/repository/net/bytebuddy/byte-buddy/1.10.22/byte-buddy-1.10.22.jar:/Users/jeni.ambrose/.m2/repository/net/bytebuddy/byte-buddy-agent/1.10.22/byte-buddy-agent-1.10.22.jar:/Users/jeni.ambrose/.m2/repository/org/objenesis/objenesis/3.2/objenesis-3.2.jar:/Users/jeni.ambrose/.m2/repository/org/mockito/mockito-junit-jupiter/3.9.0/mockito-junit-jupiter-3.9.0.jar:/Users/jeni.ambrose/.m2/repository/org/skyscreamer/jsonassert/1.5.0/jsonassert-1.5.0.jar:/Users/jeni.ambrose/.m2/repository/com/vaadin/external/google/android-json/0.0.20131108.vaadin1/android-json-0.0.20131108.vaadin1.jar:/Users/jeni.ambrose/.m2/repository/org/springframework/spring-core/5.3.8/spring-core-5.3.8.jar:/Users/jeni.ambrose/.m2/repository/org/springframework/spring-jcl/5.3.8/spring-jcl-5.3.8.jar:/Users/jeni.ambrose/.m2/repository/org/springframework/spring-test/5.3.8/spring-test-5.3.8.jar:/Users/jeni.ambrose/.m2/repository/org/xmlunit/xmlunit-core/2.8.2/xmlunit-core-2.8.2.jar:/Users/jeni.ambrose/.m2/repository/org/projectlombok/lombok/1.18.22/lombok-1.18.22.jar:"/>
    <property name="sun.cpu.endian" value="little"/>
    <property name="user.home" value="/Users/jeni.ambrose"/>
    <property name="user.language" value="en"/>
    <property name="java.specification.vendor" value="Oracle Corporation"/>
    <property name="java.version.date" value="2022-07-19"/>
    <property name="java.home" value="/Library/Java/JavaVirtualMachines/jdk-11.0.16.jdk/Contents/Home"/>
    <property name="file.separator" value="/"/>
    <property name="basedir" value="/Users/jeni.ambrose/Documents/Temporal_SpringBoot-master"/>
    <property name="java.vm.compressedOopsMode" value="Zero based"/>
    <property name="line.separator" value="&#10;"/>
    <property name="java.specification.name" value="Java Platform API Specification"/>
    <property name="java.vm.specification.vendor" value="Oracle Corporation"/>
    <property name="java.awt.graphicsenv" value="sun.awt.CGraphicsEnvironment"/>
    <property name="surefire.real.class.path" value="/Users/jeni.ambrose/Documents/Temporal_SpringBoot-master/target/surefire/surefirebooter9839876188388387403.jar"/>
    <property name="sun.management.compiler" value="HotSpot 64-Bit Tiered Compilers"/>
    <property name="java.runtime.version" value="11.0.16+11-LTS-199"/>
    <property name="user.name" value="jeni.ambrose"/>
    <property name="path.separator" value=":"/>
    <property name="os.version" value="12.5"/>
    <property name="java.runtime.name" value="Java(TM) SE Runtime Environment"/>
    <property name="file.encoding" value="US-ASCII"/>
    <property name="java.vm.name" value="Java HotSpot(TM) 64-Bit Server VM"/>
    <property name="java.vendor.version" value="18.9"/>
    <property name="localRepository" value="/Users/jeni.ambrose/.m2/repository"/>
    <property name="java.vendor.url.bug" value="https://bugreport.java.com/bugreport/"/>
    <property name="java.io.tmpdir" value="/var/folders/rf/9b56kmnj0jv40np7g39k5jv00000gp/T/"/>
    <property name="idea.version" value="2022.2.3"/>
    <property name="java.version" value="11.0.16"/>
    <property name="user.dir" value="/Users/jeni.ambrose/Documents/Temporal_SpringBoot-master"/>
    <property name="os.arch" value="aarch64"/>
    <property name="java.vm.specification.name" value="Java Virtual Machine Specification"/>
    <property name="java.awt.printerjob" value="sun.lwawt.macosx.CPrinterJob"/>
    <property name="sun.os.patch.level" value="unknown"/>
    <property name="java.library.path" value="/Users/jeni.ambrose/Library/Java/Extensions:/Library/Java/Extensions:/Network/Library/Java/Extensions:/System/Library/Java/Extensions:/usr/lib/java:."/>
    <property name="java.vendor" value="Oracle Corporation"/>
    <property name="java.vm.info" value="mixed mode"/>
    <property name="java.vm.version" value="11.0.16+11-LTS-199"/>
    <property name="sun.io.unicode.encoding" value="UnicodeBig"/>
    <property name="java.class.version" value="55.0"/>
  </properties>
  <testcase name="contextLoads" classname="com.clone.workflow.swiggyclone.SwiggyCloneApplicationTests" time="0.203"/>
</testsuite>